16:39:52.314 [main] INFO  testCases.Tc001_accountpage - ***** Starting test ******
16:39:53.894 [main] INFO  testCases.Tc001_accountpage - clicked on home register
16:39:55.445 [main] INFO  testCases.Tc001_accountpage - clicked on register page
16:39:55.446 [main] INFO  testCases.Tc001_accountpage - Test finished
16:40:47.542 [main] INFO  testCases.Tc001_accountpage - ***** Starting test ******
16:40:48.268 [main] INFO  testCases.Tc001_accountpage - clicked on home register
16:40:49.657 [main] INFO  testCases.Tc001_accountpage - clicked on register page
16:40:49.657 [main] INFO  testCases.Tc001_accountpage - Test finished
16:41:32.297 [main] INFO  testCases.Tc001_accountpage - clicked on home register
16:41:33.796 [main] INFO  testCases.Tc001_accountpage - clicked on register page
16:41:33.797 [main] INFO  testCases.Tc001_accountpage - Test finished
16:41:56.118 [main] INFO  testCases.Tc001_accountpage - clicked on home register
16:41:57.856 [main] INFO  testCases.Tc001_accountpage - clicked on register page
16:41:57.856 [main] INFO  testCases.Tc001_accountpage - Test finished
16:45:32.693 [main] INFO  testCases.Tc001_accountpage - ***** Starting test ******
16:45:33.417 [main] INFO  testCases.Tc001_accountpage - clicked on home register
16:45:34.968 [main] INFO  testCases.Tc001_accountpage - clicked on register page
16:45:34.968 [main] INFO  testCases.Tc001_accountpage - Test finished
16:45:34.968 [main] INFO  testCases.Tc001_accountpage - checking assertion
16:47:39.044 [main] INFO  testCases.Tc001_accountpage - ***** Starting test ******
16:47:39.739 [main] INFO  testCases.Tc001_accountpage - clicked on home register
16:47:41.095 [main] INFO  testCases.Tc001_accountpage - clicked on register page
16:47:41.096 [main] INFO  testCases.Tc001_accountpage - Test finished
16:47:41.096 [main] INFO  testCases.Tc001_accountpage - checking assertion
16:49:15.714 [main] INFO  testCases.Tc001_accountpage - ***** Starting test ******
16:49:16.427 [main] INFO  testCases.Tc001_accountpage - clicked on home register
16:49:18.328 [main] INFO  testCases.Tc001_accountpage - clicked on register page
16:49:18.328 [main] INFO  testCases.Tc001_accountpage - Test finished
16:56:05.833 [main] INFO  testCases.Tc001_accountpage - ***** Starting test ******
16:56:06.661 [main] INFO  testCases.Tc001_accountpage - clicked on home register
16:56:08.205 [main] INFO  testCases.Tc001_accountpage - clicked on register page
16:56:08.205 [main] INFO  testCases.Tc001_accountpage - Test finished
16:59:18.403 [main] INFO  testCases.Tc001_accountpage - ***** Starting test ******
16:59:19.115 [main] INFO  testCases.Tc001_accountpage - clicked on home register
16:59:21.128 [main] INFO  testCases.Tc001_accountpage - clicked on register page
16:59:21.129 [main] INFO  testCases.Tc001_accountpage - Test finished
17:01:53.468 [main] INFO  testCases.Tc001_accountpage - ***** Starting test ******
17:01:54.844 [main] INFO  testCases.Tc001_accountpage - clicked on home register
17:01:56.243 [main] INFO  testCases.Tc001_accountpage - clicked on register page
17:01:56.243 [main] INFO  testCases.Tc001_accountpage - Test finished
17:01:59.756 [main] INFO  testCases.Tc001_accountpage - ***** Starting test ******
17:02:00.379 [main] INFO  testCases.Tc001_accountpage - clicked on home register
17:02:01.841 [main] INFO  testCases.Tc001_accountpage - clicked on register page
17:02:01.841 [main] INFO  testCases.Tc001_accountpage - Test finished
17:02:50.364 [TestNG-tests-2] INFO  testCases.Tc001_accountpage - ***** Starting test ******
17:02:52.423 [TestNG-tests-1] INFO  testCases.Tc001_accountpage - ***** Starting test ******
17:02:53.147 [TestNG-tests-2] INFO  testCases.Tc001_accountpage - clicked on home register
17:02:53.660 [TestNG-tests-1] INFO  testCases.Tc001_accountpage - clicked on home register
17:02:55.355 [TestNG-tests-1] INFO  testCases.Tc001_accountpage - clicked on register page
17:02:55.355 [TestNG-tests-1] INFO  testCases.Tc001_accountpage - Test finished
17:03:20.957 [TestNG-tests-2] INFO  testCases.Tc001_accountpage - ***** Starting test ******
17:03:20.957 [TestNG-tests-1] INFO  testCases.Tc001_accountpage - ***** Starting test ******
17:03:22.470 [TestNG-tests-2] INFO  testCases.Tc001_accountpage - clicked on home register
17:03:24.050 [TestNG-tests-2] INFO  testCases.Tc001_accountpage - clicked on register page
17:03:24.051 [TestNG-tests-2] INFO  testCases.Tc001_accountpage - Test finished
17:11:02.930 [main] INFO  testCases.Tc001_accountpage - ***** Starting test ******
17:11:03.818 [main] INFO  testCases.Tc001_accountpage - clicked on home register
17:11:05.474 [main] INFO  testCases.Tc001_accountpage - clicked on register page
17:11:05.474 [main] INFO  testCases.Tc001_accountpage - Test finished
20:55:18.125 [main] INFO  testCases.Logintestcase - Started login testcase
20:55:18.980 [main] INFO  testCases.Logintestcase - clicked on login link
20:55:19.194 [main] INFO  testCases.Logintestcase - provider details
